{"/Users/zlarkisz/Desktop/Projects/VueSchoolio/testing-vue-components/src/alert-message.vue": {"path":"/Users/zlarkisz/Desktop/Projects/VueSchoolio/testing-vue-components/src/alert-message.vue","statementMap":{"0":{"start":{"line":7,"column":0},"end":{"line":39,"column":null}},"1":{"start":{"line":39,"column":0},"end":{"line":39,"column":null}}},"fnMap":{},"branchMap":{},"s":{"0":0,"1":0},"f":{},"b":{}}
,"/Users/zlarkisz/Desktop/Projects/VueSchoolio/testing-vue-components/src/exercise-1.vue": {"path":"/Users/zlarkisz/Desktop/Projects/VueSchoolio/testing-vue-components/src/exercise-1.vue","statementMap":{"0":{"start":{"line":9,"column":0},"end":{"line":32,"column":null}},"1":{"start":{"line":32,"column":0},"end":{"line":32,"column":null}}},"fnMap":{},"branchMap":{},"s":{"0":0,"1":0},"f":{},"b":{}}
,"/Users/zlarkisz/Desktop/Projects/VueSchoolio/testing-vue-components/src/exercise-2.vue": {"path":"/Users/zlarkisz/Desktop/Projects/VueSchoolio/testing-vue-components/src/exercise-2.vue","statementMap":{"0":{"start":{"line":16,"column":0},"end":{"line":35,"column":null}},"1":{"start":{"line":35,"column":0},"end":{"line":35,"column":null}}},"fnMap":{},"branchMap":{},"s":{"0":0,"1":0},"f":{},"b":{}}
,"/Users/zlarkisz/Desktop/Projects/VueSchoolio/testing-vue-components/src/fruit-basket.vue": {"path":"/Users/zlarkisz/Desktop/Projects/VueSchoolio/testing-vue-components/src/fruit-basket.vue","statementMap":{"0":{"start":{"line":13,"column":0},"end":{"line":30,"column":null}},"1":{"start":{"line":30,"column":0},"end":{"line":30,"column":null}}},"fnMap":{},"branchMap":{},"s":{"0":0,"1":0},"f":{},"b":{}}
,"/Users/zlarkisz/Desktop/Projects/VueSchoolio/testing-vue-components/src/github-card.vue": {"path":"/Users/zlarkisz/Desktop/Projects/VueSchoolio/testing-vue-components/src/github-card.vue","statementMap":{"0":{"start":{"line":17,"column":0},"end":{"line":39,"column":null}},"1":{"start":{"line":39,"column":0},"end":{"line":39,"column":null}}},"fnMap":{},"branchMap":{},"s":{"0":0,"1":0},"f":{},"b":{}}
,"/Users/zlarkisz/Desktop/Projects/VueSchoolio/testing-vue-components/src/list.vue": {"path":"/Users/zlarkisz/Desktop/Projects/VueSchoolio/testing-vue-components/src/list.vue","statementMap":{"0":{"start":{"line":14,"column":0},"end":{"line":14,"column":null}},"1":{"start":{"line":12,"column":0},"end":{"line":32,"column":null}},"2":{"start":{"line":32,"column":0},"end":{"line":32,"column":null}}},"fnMap":{"0":{"name":"_interopRequireDefault","decl":{"start":{"line":14,"column":0},"end":{"line":14,"column":null}},"loc":{"start":{"line":14,"column":0},"end":{"line":14,"column":null}}}},"branchMap":{"0":{"loc":{"start":{"line":14,"column":0},"end":{"line":14,"column":null}},"type":"cond-expr","locations":[{"start":{"line":14,"column":0},"end":{"line":14,"column":null}},{"start":{"line":14,"column":0},"end":{"line":14,"column":null}}]}},"s":{"0":0,"1":0,"2":0},"f":{"0":0},"b":{"0":[0,0]}}
,"/Users/zlarkisz/Desktop/Projects/VueSchoolio/testing-vue-components/src/salad-bowl.vue": {"path":"/Users/zlarkisz/Desktop/Projects/VueSchoolio/testing-vue-components/src/salad-bowl.vue","statementMap":{"0":{"start":{"line":8,"column":0},"end":{"line":8,"column":null}},"1":{"start":{"line":6,"column":0},"end":{"line":20,"column":null}},"2":{"start":{"line":20,"column":0},"end":{"line":20,"column":null}}},"fnMap":{},"branchMap":{},"s":{"0":0,"1":0,"2":0},"f":{},"b":{}}
,"/Users/zlarkisz/Desktop/Projects/VueSchoolio/testing-vue-components/src/temprature.vue": {"path":"/Users/zlarkisz/Desktop/Projects/VueSchoolio/testing-vue-components/src/temprature.vue","statementMap":{"0":{"start":{"line":7,"column":0},"end":{"line":45,"column":null}},"1":{"start":{"line":45,"column":0},"end":{"line":45,"column":null}}},"fnMap":{},"branchMap":{},"s":{"0":0,"1":0},"f":{},"b":{}}
,"/Users/zlarkisz/Desktop/Projects/VueSchoolio/testing-vue-components/src/test.vue": {"path":"/Users/zlarkisz/Desktop/Projects/VueSchoolio/testing-vue-components/src/test.vue","statementMap":{"0":{"start":{"line":6,"column":0},"end":{"line":15,"column":null}},"1":{"start":{"line":15,"column":0},"end":{"line":15,"column":null}}},"fnMap":{},"branchMap":{},"s":{"0":0,"1":0},"f":{},"b":{}}
,"/Users/zlarkisz/Desktop/Projects/VueSchoolio/testing-vue-components/src/components/list-item.vue": {"path":"/Users/zlarkisz/Desktop/Projects/VueSchoolio/testing-vue-components/src/components/list-item.vue","statementMap":{"0":{"start":{"line":4,"column":0},"end":{"line":10,"column":null}},"1":{"start":{"line":10,"column":0},"end":{"line":10,"column":null}}},"fnMap":{},"branchMap":{},"s":{"0":0,"1":0},"f":{},"b":{}}
,"/Users/zlarkisz/Desktop/Projects/VueSchoolio/testing-vue-components/src/store/salad-store.js": {"path":"/Users/zlarkisz/Desktop/Projects/VueSchoolio/testing-vue-components/src/store/salad-store.js","statementMap":{"0":{"start":{"line":3,"column":4},"end":{"line":5,"column":5}},"1":{"start":{"line":10,"column":6},"end":{"line":10,"column":34}},"2":{"start":{"line":16,"column":6},"end":{"line":16,"column":41}}},"fnMap":{"0":{"name":"(anonymous_0)","decl":{"start":{"line":2,"column":2},"end":{"line":2,"column":3}},"loc":{"start":{"line":2,"column":10},"end":{"line":6,"column":3}},"line":2},"1":{"name":"(anonymous_1)","decl":{"start":{"line":9,"column":4},"end":{"line":9,"column":5}},"loc":{"start":{"line":9,"column":37},"end":{"line":11,"column":5}},"line":9},"2":{"name":"(anonymous_2)","decl":{"start":{"line":15,"column":4},"end":{"line":15,"column":5}},"loc":{"start":{"line":15,"column":42},"end":{"line":17,"column":5}},"line":15}},"branchMap":{},"s":{"0":0,"1":0,"2":0},"f":{"0":0,"1":0,"2":0},"b":{},"hash":"20a32a85b054d72e688981c1c2e3331f33611366"}
}
