TN:
SF:/Users/zlarkisz/Desktop/Projects/VueSchoolio/testing-vue-components/src/alert-message.vue
FNF:0
FNH:0
DA:7,0
DA:39,0
LF:2
LH:0
BRF:0
BRH:0
end_of_record
TN:
SF:/Users/zlarkisz/Desktop/Projects/VueSchoolio/testing-vue-components/src/exercise-1.vue
FNF:0
FNH:0
DA:9,0
DA:32,0
LF:2
LH:0
BRF:0
BRH:0
end_of_record
TN:
SF:/Users/zlarkisz/Desktop/Projects/VueSchoolio/testing-vue-components/src/exercise-2.vue
FNF:0
FNH:0
DA:16,0
DA:35,0
LF:2
LH:0
BRF:0
BRH:0
end_of_record
TN:
SF:/Users/zlarkisz/Desktop/Projects/VueSchoolio/testing-vue-components/src/fruit-basket.vue
FNF:0
FNH:0
DA:13,0
DA:30,0
LF:2
LH:0
BRF:0
BRH:0
end_of_record
TN:
SF:/Users/zlarkisz/Desktop/Projects/VueSchoolio/testing-vue-components/src/github-card.vue
FNF:0
FNH:0
DA:17,0
DA:39,0
LF:2
LH:0
BRF:0
BRH:0
end_of_record
TN:
SF:/Users/zlarkisz/Desktop/Projects/VueSchoolio/testing-vue-components/src/list.vue
FN:14,_interopRequireDefault
FNF:1
FNH:0
FNDA:0,_interopRequireDefault
DA:12,0
DA:14,0
DA:32,0
LF:3
LH:0
BRDA:14,0,0,0
BRDA:14,0,1,0
BRF:2
BRH:0
end_of_record
TN:
SF:/Users/zlarkisz/Desktop/Projects/VueSchoolio/testing-vue-components/src/salad-bowl.vue
FNF:0
FNH:0
DA:6,0
DA:8,0
DA:20,0
LF:3
LH:0
BRF:0
BRH:0
end_of_record
TN:
SF:/Users/zlarkisz/Desktop/Projects/VueSchoolio/testing-vue-components/src/temprature.vue
FNF:0
FNH:0
DA:7,0
DA:45,0
LF:2
LH:0
BRF:0
BRH:0
end_of_record
TN:
SF:/Users/zlarkisz/Desktop/Projects/VueSchoolio/testing-vue-components/src/test.vue
FNF:0
FNH:0
DA:6,0
DA:15,0
LF:2
LH:0
BRF:0
BRH:0
end_of_record
TN:
SF:/Users/zlarkisz/Desktop/Projects/VueSchoolio/testing-vue-components/src/components/list-item.vue
FNF:0
FNH:0
DA:4,0
DA:10,0
LF:2
LH:0
BRF:0
BRH:0
end_of_record
TN:
SF:/Users/zlarkisz/Desktop/Projects/VueSchoolio/testing-vue-components/src/store/salad-store.js
FN:2,(anonymous_0)
FN:9,(anonymous_1)
FN:15,(anonymous_2)
FNF:3
FNH:0
FNDA:0,(anonymous_0)
FNDA:0,(anonymous_1)
FNDA:0,(anonymous_2)
DA:3,0
DA:10,0
DA:16,0
LF:3
LH:0
BRF:0
BRH:0
end_of_record
